#
# There is insufficient memory for the Java Runtime Environment to continue.
# Native memory allocation (malloc) failed to allocate 1048576 bytes for AllocateHeap
# Possible reasons:
#   The system is out of physical RAM or swap space
#   The process is running with CompressedOops enabled, and the Java Heap may be blocking the growth of the native heap
# Possible solutions:
#   Reduce memory load on the system
#   Increase physical memory or swap space
#   Check if swap backing store is full
#   Decrease Java heap size (-Xmx/-Xms)
#   Decrease number of Java threads
#   Decrease Java thread stack sizes (-Xss)
#   Set larger code cache with -XX:ReservedCodeCacheSize=
#   JVM is running with Zero Based Compressed Oops mode in which the Java heap is
#     placed in the first 32GB address space. The Java Heap base address is the
#     maximum limit for the native heap growth. Please use -XX:HeapBaseMinAddress
#     to set the Java Heap base and to place the Java Heap above 32GB virtual address.
# This output file may be truncated or incomplete.
#
#  Out of Memory Error (memory/allocation.inline.hpp:61), pid=8872, tid=0x000000000000ab6c
#
# JRE version:  (8.0) (build )
# Java VM: OpenJDK 64-Bit Server VM (25.71-b00 mixed mode windows-amd64 compressed oops)
# Failed to write core dump. Minidumps are not enabled by default on client versions of Windows
#

---------------  T H R E A D  ---------------

Current thread (0x000000000300e000):  JavaThread "Unknown thread" [_thread_in_vm, id=43884, stack(0x0000000003010000,0x0000000003110000)]

Stack: [0x0000000003010000,0x0000000003110000]
[error occurred during error reporting (printing stack bounds), id 0xc0000005]

Native frames: (J=compiled Java code, j=interpreted, Vv=VM code, C=native code)


---------------  P R O C E S S  ---------------

Java Threads: ( => current thread )

Other Threads:

=>0x000000000300e000 (exited) JavaThread "Unknown thread" [_thread_in_vm, id=43884, stack(0x0000000003010000,0x0000000003110000)]

VM state:not at safepoint (normal execution)

VM Mutex/Monitor currently owned by a thread: None

heap address: 0x00000006c2200000, size: 4062 MB, Compressed Oops mode: Zero based, Oop shift amount: 3
Narrow klass base: 0x0000000000000000, Narrow klass shift: 3
Compressed class space size: 1073741824 Address: 0x00000007c0000000

Heap:
 PSYoungGen      total 75776K, used 1300K [0x000000076b600000, 0x0000000770a80000, 0x00000007c0000000)
  eden space 65024K, 2% used [0x000000076b600000,0x000000076b7451f8,0x000000076f580000)
  from space 10752K, 0% used [0x0000000770000000,0x0000000770000000,0x0000000770a80000)
  to   space 10752K, 0% used [0x000000076f580000,0x000000076f580000,0x0000000770000000)
 ParOldGen       total 173568K, used 0K [0x00000006c2200000, 0x00000006ccb80000, 0x000000076b600000)
  object space 173568K, 0% used [0x00000006c2200000,0x00000006c2200000,0x00000006ccb80000)
 Metaspace       used 777K, capacity 4480K, committed 4480K, reserved 1056768K
  class space    used 74K, capacity 384K, committed 384K, reserved 1048576K

Card table byte_map: [0x00000000125d0000,0x0000000012dc0000] byte_map_base: 0x000000000efbf000

Marking Bits: (ParMarkBitMap*) 0x000000006a6a8f30
 Begin Bits: [0x0000000013b10000, 0x0000000017a88000)
 End Bits:   [0x0000000017a88000, 0x000000001ba00000)

Polling page: 0x0000000001750000

CodeCache: size=245760Kb used=328Kb max_used=328Kb free=245431Kb
 bounds [0x0000000003210000, 0x0000000003480000, 0x0000000012210000]
 total_blobs=57 nmethods=0 adapters=38
 compilation: enabled

Compilation events (0 events):
No events

GC Heap History (0 events):
No events

Deoptimization events (0 events):
No events

Classes redefined (0 events):
No events

Internal exceptions (0 events):
No events

Events (10 events):
Event: 0.020 loading class java/lang/Short
Event: 0.020 loading class java/lang/Short done
Event: 0.020 loading class java/lang/Integer
Event: 0.020 loading class java/lang/Integer done
Event: 0.020 loading class java/lang/Long
Event: 0.021 loading class java/lang/Long done
Event: 0.021 loading class java/lang/NullPointerException
Event: 0.021 loading class java/lang/NullPointerException done
Event: 0.021 loading class java/lang/ArithmeticException
Event: 0.021 loading class java/lang/ArithmeticException done


Dynamic libraries:
0x00007ff7ba0d0000 - 0x00007ff7ba105000 	C:\Program Files\Android\Jdk\microsoft_dist_openjdk_1.8.0.25\bin\java.exe
0x00007ff846d50000 - 0x00007ff846f46000 	C:\WINDOWS\SYSTEM32\ntdll.dll
0x00007ff845220000 - 0x00007ff8452dd000 	C:\WINDOWS\System32\KERNEL32.DLL
0x00007ff844540000 - 0x00007ff844809000 	C:\WINDOWS\System32\KERNELBASE.dll
0x00007ff8452e0000 - 0x00007ff84538c000 	C:\WINDOWS\System32\ADVAPI32.dll
0x00007ff845eb0000 - 0x00007ff845f4e000 	C:\WINDOWS\System32\msvcrt.dll
0x00007ff846b30000 - 0x00007ff846bcc000 	C:\WINDOWS\System32\sechost.dll
0x00007ff846000000 - 0x00007ff84612b000 	C:\WINDOWS\System32\RPCRT4.dll
0x00007ff846220000 - 0x00007ff8463c0000 	C:\WINDOWS\System32\USER32.dll
0x00007ff844810000 - 0x00007ff844832000 	C:\WINDOWS\System32\win32u.dll
0x00007ff846c50000 - 0x00007ff846c7a000 	C:\WINDOWS\System32\GDI32.dll
0x00007ff844ca0000 - 0x00007ff844dab000 	C:\WINDOWS\System32\gdi32full.dll
0x00007ff844940000 - 0x00007ff8449dd000 	C:\WINDOWS\System32\msvcp_win.dll
0x00007ff844ba0000 - 0x00007ff844ca0000 	C:\WINDOWS\System32\ucrtbase.dll
0x00007ff828760000 - 0x00007ff8289fb000 	C:\WINDOWS\WinSxS\amd64_microsoft.windows.common-controls_6595b64144ccf1df_6.0.19041.746_none_ca02b4b61b8320a4\COMCTL32.dll
0x00007ff846b00000 - 0x00007ff846b30000 	C:\WINDOWS\System32\IMM32.DLL
0x000000006a730000 - 0x000000006a801000 	C:\Program Files\Android\Jdk\microsoft_dist_openjdk_1.8.0.25\jre\bin\msvcr100.dll
0x0000000069ee0000 - 0x000000006a725000 	C:\Program Files\Android\Jdk\microsoft_dist_openjdk_1.8.0.25\jre\bin\server\jvm.dll
0x00007ff8454e0000 - 0x00007ff8454e8000 	C:\WINDOWS\System32\PSAPI.DLL
0x00007ff840e90000 - 0x00007ff840e99000 	C:\WINDOWS\SYSTEM32\WSOCK32.dll
0x00007ff8168d0000 - 0x00007ff8168f7000 	C:\WINDOWS\SYSTEM32\WINMM.dll
0x00007ff83c290000 - 0x00007ff83c29a000 	C:\WINDOWS\SYSTEM32\VERSION.dll
0x00007ff846a30000 - 0x00007ff846a9b000 	C:\WINDOWS\System32\WS2_32.dll
0x00007ff840e60000 - 0x00007ff840e6f000 	C:\Program Files\Android\Jdk\microsoft_dist_openjdk_1.8.0.25\jre\bin\verify.dll
0x00007ff840e30000 - 0x00007ff840e59000 	C:\Program Files\Android\Jdk\microsoft_dist_openjdk_1.8.0.25\jre\bin\java.dll
0x00007ff840e10000 - 0x00007ff840e26000 	C:\Program Files\Android\Jdk\microsoft_dist_openjdk_1.8.0.25\jre\bin\zip.dll

VM Arguments:
java_command: <unknown>
java_class_path (initial): .
Launcher Type: SUN_STANDARD

Environment Variables:
JAVA_HOME=C:\Program Files\Android\Jdk\microsoft_dist_openjdk_1.8.0.25
PATH=C:\Program Files\Android\Jdk\microsoft_dist_openjdk_1.8.0.25\bin;C:\WINDOWS\system32;C:\WINDOWS;C:\WINDOWS\System32\Wbem;C:\WINDOWS\System32\WindowsPowerShell\v1.0\;C:\WINDOWS\System32\OpenSSH\;C:\Program Files\Microsoft SQL Server\110\Tools\Binn\;C:\Program Files\dotnet\;C:\Program Files\Microsoft SQL Server\130\Tools\Binn\;C:\Program Files\Microsoft SQL Server\Client SDK\ODBC\170\Tools\Binn\;C:\Program Files (x86)\Microsoft SQL Server\150\DTS\Binn\;C:\Program Files\Azure Data Studio\bin;C:\Users\edoh.epe\AppData\Local\Microsoft\WindowsApps;C:\Users\edoh.epe\.dotnet\tools;C:\Program Files\Azure Data Studio\bin;C:\Users\edoh.epe\AppData\Local\GitHubDesktop\bin;C:\Users\edoh.epe\AppData\Local\Programs\Microsoft VS Code\bin;C:\Users\edoh.epe\.nuget\packages\newtonsoft.json\10.0.1\tools;C:\Users\edoh.epe\.nuget\packages\microsoft.entityframeworkcore.tools\5.0.3\tools;C:\Users\edoh.epe\.nuget\packages\microsoft.extensions.apidescription.server\3.0.0\tools
USERNAME=edoh.epe
OS=Windows_NT
PROCESSOR_IDENTIFIER=Intel64 Family 6 Model 158 Stepping 9, GenuineIntel



---------------  S Y S T E M  ---------------

OS: Windows 10.0 , 64 bit Build 19041 (10.0.19041.662)

CPU:total 8 (initial active 8) (4 cores per cpu, 2 threads per core) family 6 model 158 stepping 9, cmov, cx8, fxsr, mmx, sse, sse2, sse3, ssse3, sse4.1, sse4.2, popcnt, avx, avx2, aes, clmul, erms, rtm, 3dnowpref, lzcnt, ht, tsc, tscinvbit, bmi1, bmi2, adx

Memory: 4k page, physical 16637376k(370040k free), swap 42237244k(5532k free)

vm_info: OpenJDK 64-Bit Server VM (25.71-b00) for windows-amd64 JRE (1.8.0-25-microsoft-b00), built on Feb  7 2019 20:09:14 by "builder" with MS VC++ 10.0 (VS2010)

time: Wed Mar 10 17:35:57 2021
timezone: Greenwich
elapsed time: 0 seconds (0d 0h 0m 0s)

